<?xml version="1.0" encoding="UTF-8"?>
<!-- Generated by org.testng.reporters.JUnitReportReporter -->
<testsuite skipped="0" hostname="LAPTOP-FVJPVCFC" name="test.HomePageTest" tests="1" failures="0" timestamp="2020-04-07T16:41:04 IST" time="39.226" errors="0">
  <testcase name="firstResultTest1" time="39.226" classname="test.HomePageTest"/>
  <system-out/>
</testsuite> <!-- test.HomePageTest -->
