<?xml version="1.0" encoding="UTF-8"?>
<!-- Generated by org.testng.reporters.JUnitReportReporter -->
<testsuite skipped="0" hostname="LAPTOP-FVJPVCFC" name="test.SecondHomePageTest" tests="1" failures="0" timestamp="2020-04-07T16:41:04 IST" time="42.410" errors="0">
  <testcase name="firstResultTest2" time="42.410" classname="test.SecondHomePageTest"/>
  <system-out/>
</testsuite> <!-- test.SecondHomePageTest -->
